生成启动时间为 2015/10/23 23:12:38。
     1>项目“D:\iegad_framework\libiegad\test_common\test_common.vcxproj”在节点 2 上(Rebuild 个目标)。
     1>ClCompile:
         C:\Program Files (x86)\Microsoft Visual Studio 12.0\VC\bin\CL.exe /c /I..\src /IE:\library\boost_1_59_0 /I..\third_party\include /ZI /nologo /W3 /WX- /Od /Oy- /D WIN32 /D _DEBUG /D _CONSOLE /D _LIB /D _UNICODE /D UNICODE /Gm /EHsc /RTC1 /MTd /GS /fp:precise /Zc:wchar_t /Zc:forScope /Fo"Debug\\" /Fd"Debug\vc120.pdb" /Gd /TP /analyze- /errorReport:prompt test_unit_common_main.cpp
         test_unit_common_main.cpp
     1>C:\Program Files (x86)\MSBuild\Microsoft.Cpp\v4.0\V120\Microsoft.CppBuild.targets(1193,5): warning MSB8012: TargetPath(D:\iegad_framework\libiegad\Debug\test_unit_common.exe) does not match the Linker's OutputFile property value (D:\iegad_framework\libiegad\test\test_unit_common.exe). This may cause your project to build incorrectly. To correct this, please make sure that $(OutDir), $(TargetName) and $(TargetExt) property values match the value specified in %(Link.OutputFile).
       Link:
         C:\Program Files (x86)\Microsoft Visual Studio 12.0\VC\bin\link.exe /ERRORREPORT:PROMPT /OUT:"..\test\test_unit_common.exe" /INCREMENTAL /NOLOGO /LIBPATH:..\third_party\lib\debug /LIBPATH:..\lib\debug /MANIFEST /MANIFESTUAC:"level='asInvoker' uiAccess='false'" /manifest:embed /manifestinput:"C:\Program Files (x86)\Microsoft Visual Studio 12.0\VC\Include\Manifest\dpiaware.manifest" /DEBUG /PDB:"D:\iegad_framework\libiegad\Debug\test_unit_common.pdb" /SUBSYSTEM:CONSOLE /TLBID:1 /DYNAMICBASE /NXCOMPAT /IMPLIB:"D:\iegad_framework\libiegad\Debug\test_unit_common.lib" /MACHINE:X86 Debug\test_unit_common_main.obj
            正在创建库 D:\iegad_framework\libiegad\Debug\test_unit_common.lib 和对象 D:\iegad_framework\libiegad\Debug\test_unit_common.exp
     1>test_unit_common_main.obj : error LNK2019: 无法解析的外部符号 "class std::vector<class std::basic_string<char,struct std::char_traits<char>,class std::allocator<char> >,class std::allocator<class std::basic_string<char,struct std::char_traits<char>,class std::allocator<char> > > > const __cdecl iegad::string::split_vct(class std::basic_string<char,struct std::char_traits<char>,class std::allocator<char> > const &,class std::basic_string<char,struct std::char_traits<char>,class std::allocator<char> > const &)" (?split_vct@string@iegad@@YA?BV?$vector@V?$basic_string@DU?$char_traits@D@std@@V?$allocator@D@2@@std@@V?$allocator@V?$basic_string@DU?$char_traits@D@std@@V?$allocator@D@2@@std@@@2@@std@@ABV?$basic_string@DU?$char_traits@D@std@@V?$allocator@D@2@@4@0@Z)，该符号在函数 "private: virtual void __thiscall STR_UTEST_CASE_SPLIT_TEST_Test::TestBody(void)" (?TestBody@STR_UTEST_CASE_SPLIT_TEST_Test@@EAEXXZ) 中被引用
     1>test_unit_common_main.obj : error LNK2019: 无法解析的外部符号 "class std::basic_string<char,struct std::char_traits<char>,class std::allocator<char> > const __cdecl iegad::string::substr(class std::basic_string<char,struct std::char_traits<char>,class std::allocator<char> > const &,unsigned int,int)" (?substr@string@iegad@@YA?BV?$basic_string@DU?$char_traits@D@std@@V?$allocator@D@2@@std@@ABV34@IH@Z)，该符号在函数 "private: virtual void __thiscall STR_UTEST_CASE_SUBSTR_TEST_Test::TestBody(void)" (?TestBody@STR_UTEST_CASE_SUBSTR_TEST_Test@@EAEXXZ) 中被引用
     1>test_unit_common_main.obj : error LNK2019: 无法解析的外部符号 "class std::basic_string<char,struct std::char_traits<char>,class std::allocator<char> > const __cdecl iegad::string::substr2(class std::basic_string<char,struct std::char_traits<char>,class std::allocator<char> > const &,unsigned int,unsigned int)" (?substr2@string@iegad@@YA?BV?$basic_string@DU?$char_traits@D@std@@V?$allocator@D@2@@std@@ABV34@II@Z)，该符号在函数 "private: virtual void __thiscall STR_UTEST_CASE_SUBSTR_TEST_Test::TestBody(void)" (?TestBody@STR_UTEST_CASE_SUBSTR_TEST_Test@@EAEXXZ) 中被引用
     1>test_unit_common_main.obj : error LNK2019: 无法解析的外部符号 "class std::basic_string<char,struct std::char_traits<char>,class std::allocator<char> > const __cdecl iegad::string::rtrim(class std::basic_string<char,struct std::char_traits<char>,class std::allocator<char> > const &)" (?rtrim@string@iegad@@YA?BV?$basic_string@DU?$char_traits@D@std@@V?$allocator@D@2@@std@@ABV34@@Z)，该符号在函数 "private: virtual void __thiscall STR_UTEST_CASE_TRIM_TEST_Test::TestBody(void)" (?TestBody@STR_UTEST_CASE_TRIM_TEST_Test@@EAEXXZ) 中被引用
     1>test_unit_common_main.obj : error LNK2019: 无法解析的外部符号 "class std::basic_string<char,struct std::char_traits<char>,class std::allocator<char> > const __cdecl iegad::string::trim(class std::basic_string<char,struct std::char_traits<char>,class std::allocator<char> > const &)" (?trim@string@iegad@@YA?BV?$basic_string@DU?$char_traits@D@std@@V?$allocator@D@2@@std@@ABV34@@Z)，该符号在函数 "private: virtual void __thiscall STR_UTEST_CASE_SPLIT_TEST_Test::TestBody(void)" (?TestBody@STR_UTEST_CASE_SPLIT_TEST_Test@@EAEXXZ) 中被引用
     1>test_unit_common_main.obj : error LNK2019: 无法解析的外部符号 "class std::basic_string<char,struct std::char_traits<char>,class std::allocator<char> > const __cdecl iegad::string::trim(class std::basic_string<char,struct std::char_traits<char>,class std::allocator<char> > const &,char)" (?trim@string@iegad@@YA?BV?$basic_string@DU?$char_traits@D@std@@V?$allocator@D@2@@std@@ABV34@D@Z)，该符号在函数 "private: virtual void __thiscall STR_UTEST_CASE_TRIM_TEST_Test::TestBody(void)" (?TestBody@STR_UTEST_CASE_TRIM_TEST_Test@@EAEXXZ) 中被引用
     1>test_unit_common_main.obj : error LNK2019: 无法解析的外部符号 "class std::basic_string<char,struct std::char_traits<char>,class std::allocator<char> > const __cdecl iegad::string::ltrim(class std::basic_string<char,struct std::char_traits<char>,class std::allocator<char> > const &)" (?ltrim@string@iegad@@YA?BV?$basic_string@DU?$char_traits@D@std@@V?$allocator@D@2@@std@@ABV34@@Z)，该符号在函数 "private: virtual void __thiscall STR_UTEST_CASE_TRIM_TEST_Test::TestBody(void)" (?TestBody@STR_UTEST_CASE_TRIM_TEST_Test@@EAEXXZ) 中被引用
     1>test_unit_common_main.obj : error LNK2019: 无法解析的外部符号 "class std::basic_string<char,struct std::char_traits<char>,class std::allocator<char> > const __cdecl iegad::string::replace(class std::basic_string<char,struct std::char_traits<char>,class std::allocator<char> > const &,class std::basic_string<char,struct std::char_traits<char>,class std::allocator<char> > const &,class std::basic_string<char,struct std::char_traits<char>,class std::allocator<char> > const &)" (?replace@string@iegad@@YA?BV?$basic_string@DU?$char_traits@D@std@@V?$allocator@D@2@@std@@ABV34@00@Z)，该符号在函数 "private: virtual void __thiscall STR_UTEST_CASE_REPLACE_TEST_Test::TestBody(void)" (?TestBody@STR_UTEST_CASE_REPLACE_TEST_Test@@EAEXXZ) 中被引用
     1>test_unit_common_main.obj : error LNK2019: 无法解析的外部符号 "int __cdecl iegad::string::fstchr(class std::basic_string<char,struct std::char_traits<char>,class std::allocator<char> > const &,char)" (?fstchr@string@iegad@@YAHABV?$basic_string@DU?$char_traits@D@std@@V?$allocator@D@2@@std@@D@Z)，该符号在函数 "private: virtual void __thiscall STR_UTEST_CASE_FIND_TEST_Test::TestBody(void)" (?TestBody@STR_UTEST_CASE_FIND_TEST_Test@@EAEXXZ) 中被引用
     1>test_unit_common_main.obj : error LNK2019: 无法解析的外部符号 "int __cdecl iegad::string::lstchr(class std::basic_string<char,struct std::char_traits<char>,class std::allocator<char> > const &,char)" (?lstchr@string@iegad@@YAHABV?$basic_string@DU?$char_traits@D@std@@V?$allocator@D@2@@std@@D@Z)，该符号在函数 "private: virtual void __thiscall STR_UTEST_CASE_FIND_TEST_Test::TestBody(void)" (?TestBody@STR_UTEST_CASE_FIND_TEST_Test@@EAEXXZ) 中被引用
     1>test_unit_common_main.obj : error LNK2019: 无法解析的外部符号 "int __cdecl iegad::string::find_str(class std::basic_string<char,struct std::char_traits<char>,class std::allocator<char> > const &,class std::basic_string<char,struct std::char_traits<char>,class std::allocator<char> > const &,int)" (?find_str@string@iegad@@YAHABV?$basic_string@DU?$char_traits@D@std@@V?$allocator@D@2@@std@@0H@Z)，该符号在函数 "private: virtual void __thiscall STR_UTEST_CASE_FIND_TEST_Test::TestBody(void)" (?TestBody@STR_UTEST_CASE_FIND_TEST_Test@@EAEXXZ) 中被引用
     1>test_unit_common_main.obj : error LNK2019: 无法解析的外部符号 "bool __cdecl iegad::string::start_with(class std::basic_string<char,struct std::char_traits<char>,class std::allocator<char> > const &,class std::basic_string<char,struct std::char_traits<char>,class std::allocator<char> > const &)" (?start_with@string@iegad@@YA_NABV?$basic_string@DU?$char_traits@D@std@@V?$allocator@D@2@@std@@0@Z)，该符号在函数 "private: virtual void __thiscall STR_UTEST_CASE_FIND_TEST_Test::TestBody(void)" (?TestBody@STR_UTEST_CASE_FIND_TEST_Test@@EAEXXZ) 中被引用
     1>test_unit_common_main.obj : error LNK2019: 无法解析的外部符号 "bool __cdecl iegad::string::end_with(class std::basic_string<char,struct std::char_traits<char>,class std::allocator<char> > const &,class std::basic_string<char,struct std::char_traits<char>,class std::allocator<char> > const &)" (?end_with@string@iegad@@YA_NABV?$basic_string@DU?$char_traits@D@std@@V?$allocator@D@2@@std@@0@Z)，该符号在函数 "private: virtual void __thiscall STR_UTEST_CASE_FIND_TEST_Test::TestBody(void)" (?TestBody@STR_UTEST_CASE_FIND_TEST_Test@@EAEXXZ) 中被引用
     1>test_unit_common_main.obj : error LNK2019: 无法解析的外部符号 "class std::basic_string<char,struct std::char_traits<char>,class std::allocator<char> > const __cdecl iegad::string::remove(class std::basic_string<char,struct std::char_traits<char>,class std::allocator<char> > const &,unsigned int,int)" (?remove@string@iegad@@YA?BV?$basic_string@DU?$char_traits@D@std@@V?$allocator@D@2@@std@@ABV34@IH@Z)，该符号在函数 "private: virtual void __thiscall STR_UTEST_CASE_REPLACE_TEST_Test::TestBody(void)" (?TestBody@STR_UTEST_CASE_REPLACE_TEST_Test@@EAEXXZ) 中被引用
     1>test_unit_common_main.obj : error LNK2019: 无法解析的外部符号 "class std::basic_string<char,struct std::char_traits<char>,class std::allocator<char> > const __cdecl iegad::string::remove2(class std::basic_string<char,struct std::char_traits<char>,class std::allocator<char> > const &,unsigned int,unsigned int)" (?remove2@string@iegad@@YA?BV?$basic_string@DU?$char_traits@D@std@@V?$allocator@D@2@@std@@ABV34@II@Z)，该符号在函数 "private: virtual void __thiscall STR_UTEST_CASE_REPLACE_TEST_Test::TestBody(void)" (?TestBody@STR_UTEST_CASE_REPLACE_TEST_Test@@EAEXXZ) 中被引用
     1>..\test\test_unit_common.exe : fatal error LNK1120: 15 个无法解析的外部命令
     1>已完成生成项目“D:\iegad_framework\libiegad\test_common\test_common.vcxproj”(Rebuild 个目标)的操作 - 失败。

生成失败。

已用时间 00:00:00.88
